2025-01-03 14:22:23,918 DEBUG    root            Loaded Command Group: ['gcloud', 'components']
2025-01-03 14:22:23,920 DEBUG    root            Loaded Command Group: ['gcloud', 'components', 'update']
2025-01-03 14:22:23,922 DEBUG    root            Running [gcloud.components.update] with arguments: [--quiet: "True", COMPONENT-IDS:8: "['gcloud', 'core', 'bq', 'gsutil', 'compute', 'preview', 'alpha', 'beta']"]
2025-01-03 14:22:23,923 INFO     ___FILE_ONLY___ Beginning update. This process may take several minutes.

2025-01-03 14:22:23,931 DEBUG    urllib3.connectionpool Starting new HTTPS connection (1): dl.google.com:443
2025-01-03 14:22:24,082 DEBUG    urllib3.connectionpool https://dl.google.com:443 "GET /dl/cloudsdk/channels/rapid/components-2.json HTTP/1.1" 200 227824
2025-01-03 14:22:24,099 WARNING  root            Component [compute] no longer exists.
2025-01-03 14:22:24,100 INFO     ___FILE_ONLY___ 

2025-01-03 14:22:24,100 INFO     ___FILE_ONLY___ 
Your current Google Cloud CLI version is: 504.0.1

2025-01-03 14:22:24,100 INFO     ___FILE_ONLY___ Installing components from version: 504.0.1

2025-01-03 14:22:24,100 INFO     ___FILE_ONLY___ 

2025-01-03 14:22:24,101 DEBUG    root            Chosen display Format:table[box,title="These components will be removed."](details.display_name:label=Name:align=left,version.version_string:label=Version:align=right,data.size.size(zero="",min=1048576):label=Size:align=right)
2025-01-03 14:22:24,101 DEBUG    root            Chosen display Format:table[box,title="These components will be updated."](details.display_name:label=Name:align=left,version.version_string:label=Version:align=right,data.size.size(zero="",min=1048576):label=Size:align=right)
2025-01-03 14:22:24,102 DEBUG    root            Chosen display Format:table[box,title="These components will be installed."](details.display_name:label=Name:align=left,version.version_string:label=Version:align=right,data.size.size(zero="",min=1048576):label=Size:align=right)
2025-01-03 14:22:24,117 INFO     ___FILE_ONLY___ ┌────────────────────────────────────────────────┐
2025-01-03 14:22:24,117 INFO     ___FILE_ONLY___ 

2025-01-03 14:22:24,118 INFO     ___FILE_ONLY___ │      These components will be installed.       │
2025-01-03 14:22:24,118 INFO     ___FILE_ONLY___ 

2025-01-03 14:22:24,118 INFO     ___FILE_ONLY___ ├─────────────────────────┬────────────┬─────────┤
2025-01-03 14:22:24,118 INFO     ___FILE_ONLY___ 

2025-01-03 14:22:24,118 INFO     ___FILE_ONLY___ │           Name          │  Version   │   Size  │
2025-01-03 14:22:24,118 INFO     ___FILE_ONLY___ 

2025-01-03 14:22:24,118 INFO     ___FILE_ONLY___ ├─────────────────────────┼────────────┼─────────┤
2025-01-03 14:22:24,118 INFO     ___FILE_ONLY___ 

2025-01-03 14:22:24,118 INFO     ___FILE_ONLY___ │ 
2025-01-03 14:22:24,118 INFO     ___FILE_ONLY___ gcloud Alpha Commands  
2025-01-03 14:22:24,118 INFO     ___FILE_ONLY___  
2025-01-03 14:22:24,119 INFO     ___FILE_ONLY___ │ 
2025-01-03 14:22:24,119 INFO     ___FILE_ONLY___ 2024.12.19
2025-01-03 14:22:24,119 INFO     ___FILE_ONLY___  
2025-01-03 14:22:24,119 INFO     ___FILE_ONLY___ │ 
2025-01-03 14:22:24,119 INFO     ___FILE_ONLY___ < 1 MiB
2025-01-03 14:22:24,119 INFO     ___FILE_ONLY___  
2025-01-03 14:22:24,119 INFO     ___FILE_ONLY___ │
2025-01-03 14:22:24,119 INFO     ___FILE_ONLY___ 

2025-01-03 14:22:24,119 INFO     ___FILE_ONLY___ │ 
2025-01-03 14:22:24,119 INFO     ___FILE_ONLY___ gcloud Beta Commands   
2025-01-03 14:22:24,119 INFO     ___FILE_ONLY___  
2025-01-03 14:22:24,119 INFO     ___FILE_ONLY___ │ 
2025-01-03 14:22:24,119 INFO     ___FILE_ONLY___ 2024.12.19
2025-01-03 14:22:24,119 INFO     ___FILE_ONLY___  
2025-01-03 14:22:24,119 INFO     ___FILE_ONLY___ │ 
2025-01-03 14:22:24,119 INFO     ___FILE_ONLY___ < 1 MiB
2025-01-03 14:22:24,119 INFO     ___FILE_ONLY___  
2025-01-03 14:22:24,120 INFO     ___FILE_ONLY___ │
2025-01-03 14:22:24,120 INFO     ___FILE_ONLY___ 

2025-01-03 14:22:24,120 INFO     ___FILE_ONLY___ │ 
2025-01-03 14:22:24,120 INFO     ___FILE_ONLY___ gcloud Preview Commands
2025-01-03 14:22:24,120 INFO     ___FILE_ONLY___  
2025-01-03 14:22:24,120 INFO     ___FILE_ONLY___ │ 
2025-01-03 14:22:24,120 INFO     ___FILE_ONLY___           
2025-01-03 14:22:24,120 INFO     ___FILE_ONLY___  
2025-01-03 14:22:24,120 INFO     ___FILE_ONLY___ │ 
2025-01-03 14:22:24,120 INFO     ___FILE_ONLY___ < 1 MiB
2025-01-03 14:22:24,120 INFO     ___FILE_ONLY___  
2025-01-03 14:22:24,120 INFO     ___FILE_ONLY___ │
2025-01-03 14:22:24,120 INFO     ___FILE_ONLY___ 

2025-01-03 14:22:24,120 INFO     ___FILE_ONLY___ └─────────────────────────┴────────────┴─────────┘
2025-01-03 14:22:24,120 INFO     ___FILE_ONLY___ 

2025-01-03 14:22:24,120 INFO     ___FILE_ONLY___ 

2025-01-03 14:22:24,124 DEBUG    urllib3.connectionpool Starting new HTTPS connection (1): dl.google.com:443
2025-01-03 14:22:24,208 DEBUG    urllib3.connectionpool https://dl.google.com:443 "GET /dl/cloudsdk/channels/rapid/RELEASE_NOTES HTTP/1.1" 200 1331002
2025-01-03 14:22:24,304 INFO     ___FILE_ONLY___ For the latest full release notes, please visit:
  https://cloud.google.com/sdk/release_notes


2025-01-03 14:22:24,305 INFO     ___FILE_ONLY___ Performing in place update...


2025-01-03 14:22:24,307 INFO     ___FILE_ONLY___ ╔════════════════════════════════════════════════════════════╗

2025-01-03 14:22:24,307 INFO     ___FILE_ONLY___ ╠═ Downloading: gcloud Alpha Commands                       ═╣

2025-01-03 14:22:24,307 INFO     ___FILE_ONLY___ ╚
2025-01-03 14:22:24,310 DEBUG    urllib3.connectionpool Starting new HTTPS connection (1): dl.google.com:443
2025-01-03 14:22:24,420 DEBUG    urllib3.connectionpool https://dl.google.com:443 "GET /dl/cloudsdk/channels/rapid/components/google-cloud-sdk-alpha-20241219230653.tar.gz HTTP/1.1" 200 800
2025-01-03 14:22:24,421 INFO     ___FILE_ONLY___ ════════════════════════════════════════════════════════════
2025-01-03 14:22:24,421 INFO     ___FILE_ONLY___ ╝

2025-01-03 14:22:24,423 INFO     ___FILE_ONLY___ ╔════════════════════════════════════════════════════════════╗

2025-01-03 14:22:24,423 INFO     ___FILE_ONLY___ ╠═ Downloading: gcloud Beta Commands                        ═╣

2025-01-03 14:22:24,423 INFO     ___FILE_ONLY___ ╚
2025-01-03 14:22:24,426 DEBUG    urllib3.connectionpool Starting new HTTPS connection (1): dl.google.com:443
2025-01-03 14:22:24,505 DEBUG    urllib3.connectionpool https://dl.google.com:443 "GET /dl/cloudsdk/channels/rapid/components/google-cloud-sdk-beta-20241219230653.tar.gz HTTP/1.1" 200 797
2025-01-03 14:22:24,506 INFO     ___FILE_ONLY___ ════════════════════════════════════════════════════════════
2025-01-03 14:22:24,506 INFO     ___FILE_ONLY___ ╝

2025-01-03 14:22:24,508 INFO     ___FILE_ONLY___ ╔════════════════════════════════════════════════════════════╗

2025-01-03 14:22:24,508 INFO     ___FILE_ONLY___ ╠═ Downloading: gcloud Preview Commands                     ═╣

2025-01-03 14:22:24,509 INFO     ___FILE_ONLY___ ╚
2025-01-03 14:22:24,512 DEBUG    urllib3.connectionpool Starting new HTTPS connection (1): dl.google.com:443
2025-01-03 14:22:24,620 DEBUG    urllib3.connectionpool https://dl.google.com:443 "GET /dl/cloudsdk/channels/rapid/components/google-cloud-sdk-preview-20241115154308.tar.gz HTTP/1.1" 200 823
2025-01-03 14:22:24,621 INFO     ___FILE_ONLY___ ════════════════════════════════════════════════════════════
2025-01-03 14:22:24,621 INFO     ___FILE_ONLY___ ╝

2025-01-03 14:22:24,623 INFO     ___FILE_ONLY___ ╔════════════════════════════════════════════════════════════╗

2025-01-03 14:22:24,623 INFO     ___FILE_ONLY___ ╠═ Installing: gcloud Alpha Commands                        ═╣

2025-01-03 14:22:24,623 INFO     ___FILE_ONLY___ ╚
2025-01-03 14:22:24,624 INFO     ___FILE_ONLY___ ════════════════════════════════════════════════════════════
2025-01-03 14:22:24,624 INFO     ___FILE_ONLY___ ╝

2025-01-03 14:22:24,636 INFO     ___FILE_ONLY___ ╔════════════════════════════════════════════════════════════╗

2025-01-03 14:22:24,636 INFO     ___FILE_ONLY___ ╠═ Installing: gcloud Beta Commands                         ═╣

2025-01-03 14:22:24,636 INFO     ___FILE_ONLY___ ╚
2025-01-03 14:22:24,637 INFO     ___FILE_ONLY___ ════════════════════════════════════════════════════════════
2025-01-03 14:22:24,637 INFO     ___FILE_ONLY___ ╝

2025-01-03 14:22:24,642 INFO     ___FILE_ONLY___ ╔════════════════════════════════════════════════════════════╗

2025-01-03 14:22:24,643 INFO     ___FILE_ONLY___ ╠═ Installing: gcloud Preview Commands                      ═╣

2025-01-03 14:22:24,643 INFO     ___FILE_ONLY___ ╚
2025-01-03 14:22:24,643 INFO     ___FILE_ONLY___ ════════════════════════════════════════════════════════════
2025-01-03 14:22:24,643 INFO     ___FILE_ONLY___ ╝

2025-01-03 14:22:24,650 DEBUG    root            Updating notification cache...
2025-01-03 14:22:24,650 INFO     ___FILE_ONLY___ 

2025-01-03 14:22:24,652 INFO     ___FILE_ONLY___ Performing post processing steps...
2025-01-03 14:22:24,653 DEBUG    root            Executing command: ['/tools/google-cloud-sdk/bin/gcloud', 'components', 'post-process']
2025-01-03 14:22:38,048 DEBUG    ___FILE_ONLY___ 
2025-01-03 14:22:38,048 DEBUG    ___FILE_ONLY___ 
2025-01-03 14:22:38,179 INFO     ___FILE_ONLY___ 
Update done!


2025-01-03 14:22:38,182 DEBUG    root            Chosen display Format:none
2025-01-03 14:22:38,183 INFO     root            Display format: "none"
